<?xml version="1.0" encoding="UTF-8"?>
<coverage generated="1726704780601" clover="3.2.0">
  <project timestamp="1726704780601" name="All files">
    <metrics statements="81" coveredstatements="79" conditionals="43" coveredconditionals="41" methods="7" coveredmethods="6" elements="131" coveredelements="126" complexity="0" loc="81" ncloc="81" packages="1" files="3" classes="3"/>
    <file name="bank.ts" path="/Users/Profissional/Workspace/katas/ATM machine/src/bank.ts">
      <metrics statements="14" coveredstatements="14" conditionals="0" coveredconditionals="0" methods="1" coveredmethods="1"/>
      <line num="1" count="1" type="stmt"/>
      <line num="3" count="1" type="stmt"/>
      <line num="4" count="1" type="stmt"/>
      <line num="5" count="1" type="stmt"/>
      <line num="6" count="1" type="stmt"/>
      <line num="7" count="1" type="stmt"/>
      <line num="8" count="1" type="stmt"/>
      <line num="9" count="1" type="stmt"/>
      <line num="10" count="1" type="stmt"/>
      <line num="11" count="1" type="stmt"/>
      <line num="12" count="1" type="stmt"/>
      <line num="13" count="1" type="stmt"/>
      <line num="14" count="1" type="stmt"/>
      <line num="17" count="1" type="stmt"/>
    </file>
    <file name="billsCalculator.ts" path="/Users/Profissional/Workspace/katas/ATM machine/src/billsCalculator.ts">
      <metrics statements="44" coveredstatements="44" conditionals="36" coveredconditionals="36" methods="1" coveredmethods="1"/>
      <line num="1" count="1" type="stmt"/>
      <line num="2" count="3" type="stmt"/>
      <line num="3" count="3" type="stmt"/>
      <line num="4" count="3" type="stmt"/>
      <line num="5" count="3" type="stmt"/>
      <line num="6" count="3" type="stmt"/>
      <line num="7" count="943" type="cond" truecount="4" falsecount="0"/>
      <line num="8" count="2" type="stmt"/>
      <line num="9" count="2" type="stmt"/>
      <line num="10" count="2" type="stmt"/>
      <line num="12" count="941" type="cond" truecount="4" falsecount="0"/>
      <line num="13" count="3" type="stmt"/>
      <line num="14" count="3" type="stmt"/>
      <line num="15" count="3" type="stmt"/>
      <line num="18" count="938" type="cond" truecount="4" falsecount="0"/>
      <line num="19" count="5" type="stmt"/>
      <line num="20" count="5" type="stmt"/>
      <line num="21" count="5" type="stmt"/>
      <line num="24" count="933" type="cond" truecount="4" falsecount="0"/>
      <line num="25" count="12" type="stmt"/>
      <line num="26" count="12" type="stmt"/>
      <line num="27" count="12" type="stmt"/>
      <line num="30" count="921" type="cond" truecount="4" falsecount="0"/>
      <line num="31" count="20" type="stmt"/>
      <line num="32" count="20" type="stmt"/>
      <line num="33" count="20" type="stmt"/>
      <line num="37" count="901" type="cond" truecount="4" falsecount="0"/>
      <line num="38" count="50" type="stmt"/>
      <line num="39" count="50" type="stmt"/>
      <line num="40" count="50" type="stmt"/>
      <line num="43" count="851" type="cond" truecount="4" falsecount="0"/>
      <line num="44" count="100" type="stmt"/>
      <line num="45" count="100" type="stmt"/>
      <line num="46" count="100" type="stmt"/>
      <line num="50" count="751" type="cond" truecount="4" falsecount="0"/>
      <line num="51" count="250" type="stmt"/>
      <line num="52" count="250" type="stmt"/>
      <line num="53" count="250" type="stmt"/>
      <line num="57" count="501" type="cond" truecount="4" falsecount="0"/>
      <line num="58" count="500" type="stmt"/>
      <line num="59" count="500" type="stmt"/>
      <line num="60" count="500" type="stmt"/>
      <line num="64" count="1" type="stmt"/>
      <line num="69" count="2" type="stmt"/>
    </file>
    <file name="kata.ts" path="/Users/Profissional/Workspace/katas/ATM machine/src/kata.ts">
      <metrics statements="23" coveredstatements="21" conditionals="7" coveredconditionals="5" methods="5" coveredmethods="4"/>
      <line num="2" count="1" type="stmt"/>
      <line num="3" count="1" type="stmt"/>
      <line num="4" count="1" type="stmt"/>
      <line num="5" count="1" type="stmt"/>
      <line num="7" count="1" type="stmt"/>
      <line num="8" count="1" type="stmt"/>
      <line num="9" count="3" type="stmt"/>
      <line num="10" count="3" type="stmt"/>
      <line num="11" count="3" type="cond" truecount="1" falsecount="0"/>
      <line num="12" count="1" type="stmt"/>
      <line num="14" count="2" type="stmt"/>
      <line num="15" count="616" type="stmt"/>
      <line num="16" count="14" type="cond" truecount="2" falsecount="0"/>
      <line num="17" count="6" type="stmt"/>
      <line num="20" count="8" type="cond" truecount="1" falsecount="0"/>
      <line num="21" count="4" type="stmt"/>
      <line num="25" count="2" type="stmt"/>
      <line num="26" count="4" type="stmt"/>
      <line num="27" count="4" type="cond" truecount="1" falsecount="1"/>
      <line num="28" count="0" type="stmt"/>
      <line num="31" count="4" type="cond" truecount="0" falsecount="1"/>
      <line num="32" count="0" type="stmt"/>
      <line num="36" count="2" type="stmt"/>
    </file>
  </project>
</coverage>
