{"/Users/Profissional/Workspace/katas/ATM machine/src/bank.ts": {"path":"/Users/Profissional/Workspace/katas/ATM machine/src/bank.ts","statementMap":{"0":{"start":{"line":1,"column":16},"end":{"line":15,"column":1}},"1":{"start":{"line":3,"column":17},"end":{"line":3,"column":26}},"2":{"start":{"line":4,"column":4},"end":{"line":4,"column":null}},"3":{"start":{"line":5,"column":4},"end":{"line":5,"column":null}},"4":{"start":{"line":6,"column":4},"end":{"line":6,"column":null}},"5":{"start":{"line":7,"column":4},"end":{"line":7,"column":null}},"6":{"start":{"line":8,"column":4},"end":{"line":8,"column":null}},"7":{"start":{"line":9,"column":4},"end":{"line":9,"column":null}},"8":{"start":{"line":10,"column":4},"end":{"line":10,"column":null}},"9":{"start":{"line":11,"column":4},"end":{"line":11,"column":null}},"10":{"start":{"line":12,"column":4},"end":{"line":12,"column":null}},"11":{"start":{"line":13,"column":4},"end":{"line":13,"column":null}},"12":{"start":{"line":14,"column":4},"end":{"line":14,"column":null}},"13":{"start":{"line":17,"column":9},"end":{"line":17,"column":16}}},"fnMap":{"0":{"name":"(anonymous_0)","decl":{"start":{"line":1,"column":16},"end":{"line":1,"column":19}},"loc":{"start":{"line":1,"column":21},"end":{"line":15,"column":1}}}},"branchMap":{},"s":{"0":1,"1":1,"2":1,"3":1,"4":1,"5":1,"6":1,"7":1,"8":1,"9":1,"10":1,"11":1,"12":1,"13":1},"f":{"0":1},"b":{}}
,"/Users/Profissional/Workspace/katas/ATM machine/src/billsCalculator.ts": {"path":"/Users/Profissional/Workspace/katas/ATM machine/src/billsCalculator.ts","statementMap":{"0":{"start":{"line":2,"column":33},"end":{"line":2,"column":35}},"1":{"start":{"line":3,"column":33},"end":{"line":3,"column":35}},"2":{"start":{"line":4,"column":16},"end":{"line":4,"column":18}},"3":{"start":{"line":5,"column":21},"end":{"line":5,"column":29}},"4":{"start":{"line":6,"column":4},"end":{"line":68,"column":null}},"5":{"start":{"line":7,"column":8},"end":{"line":65,"column":null}},"6":{"start":{"line":8,"column":12},"end":{"line":8,"column":null}},"7":{"start":{"line":9,"column":12},"end":{"line":9,"column":null}},"8":{"start":{"line":10,"column":12},"end":{"line":10,"column":null}},"9":{"start":{"line":12,"column":13},"end":{"line":65,"column":null}},"10":{"start":{"line":13,"column":12},"end":{"line":13,"column":null}},"11":{"start":{"line":14,"column":12},"end":{"line":14,"column":null}},"12":{"start":{"line":15,"column":12},"end":{"line":15,"column":null}},"13":{"start":{"line":18,"column":13},"end":{"line":65,"column":null}},"14":{"start":{"line":19,"column":12},"end":{"line":19,"column":null}},"15":{"start":{"line":20,"column":12},"end":{"line":20,"column":null}},"16":{"start":{"line":21,"column":12},"end":{"line":21,"column":null}},"17":{"start":{"line":24,"column":13},"end":{"line":65,"column":null}},"18":{"start":{"line":25,"column":12},"end":{"line":25,"column":null}},"19":{"start":{"line":26,"column":12},"end":{"line":26,"column":null}},"20":{"start":{"line":27,"column":12},"end":{"line":27,"column":null}},"21":{"start":{"line":30,"column":13},"end":{"line":65,"column":null}},"22":{"start":{"line":31,"column":12},"end":{"line":31,"column":null}},"23":{"start":{"line":32,"column":12},"end":{"line":32,"column":null}},"24":{"start":{"line":33,"column":12},"end":{"line":33,"column":null}},"25":{"start":{"line":37,"column":13},"end":{"line":65,"column":null}},"26":{"start":{"line":38,"column":12},"end":{"line":38,"column":null}},"27":{"start":{"line":39,"column":12},"end":{"line":39,"column":null}},"28":{"start":{"line":40,"column":12},"end":{"line":40,"column":null}},"29":{"start":{"line":43,"column":13},"end":{"line":65,"column":null}},"30":{"start":{"line":44,"column":12},"end":{"line":44,"column":null}},"31":{"start":{"line":45,"column":12},"end":{"line":45,"column":null}},"32":{"start":{"line":46,"column":12},"end":{"line":46,"column":null}},"33":{"start":{"line":50,"column":13},"end":{"line":65,"column":null}},"34":{"start":{"line":51,"column":12},"end":{"line":51,"column":null}},"35":{"start":{"line":52,"column":12},"end":{"line":52,"column":null}},"36":{"start":{"line":53,"column":12},"end":{"line":53,"column":null}},"37":{"start":{"line":57,"column":13},"end":{"line":65,"column":null}},"38":{"start":{"line":58,"column":12},"end":{"line":58,"column":null}},"39":{"start":{"line":59,"column":12},"end":{"line":59,"column":null}},"40":{"start":{"line":60,"column":12},"end":{"line":60,"column":null}},"41":{"start":{"line":64,"column":12},"end":{"line":64,"column":null}},"42":{"start":{"line":69,"column":4},"end":{"line":69,"column":null}},"43":{"start":{"line":1,"column":0},"end":{"line":1,"column":16}}},"fnMap":{"0":{"name":"calcutator","decl":{"start":{"line":1,"column":16},"end":{"line":1,"column":26}},"loc":{"start":{"line":1,"column":64},"end":{"line":70,"column":1}}}},"branchMap":{"0":{"loc":{"start":{"line":7,"column":8},"end":{"line":65,"column":null}},"type":"if","locations":[{"start":{"line":7,"column":8},"end":{"line":65,"column":null}},{"start":{"line":12,"column":13},"end":{"line":65,"column":null}}]},"1":{"loc":{"start":{"line":7,"column":12},"end":{"line":7,"column":50}},"type":"binary-expr","locations":[{"start":{"line":7,"column":12},"end":{"line":7,"column":29}},{"start":{"line":7,"column":33},"end":{"line":7,"column":50}}]},"2":{"loc":{"start":{"line":12,"column":13},"end":{"line":65,"column":null}},"type":"if","locations":[{"start":{"line":12,"column":13},"end":{"line":65,"column":null}},{"start":{"line":18,"column":13},"end":{"line":65,"column":null}}]},"3":{"loc":{"start":{"line":12,"column":17},"end":{"line":12,"column":55}},"type":"binary-expr","locations":[{"start":{"line":12,"column":17},"end":{"line":12,"column":34}},{"start":{"line":12,"column":38},"end":{"line":12,"column":55}}]},"4":{"loc":{"start":{"line":18,"column":13},"end":{"line":65,"column":null}},"type":"if","locations":[{"start":{"line":18,"column":13},"end":{"line":65,"column":null}},{"start":{"line":24,"column":13},"end":{"line":65,"column":null}}]},"5":{"loc":{"start":{"line":18,"column":17},"end":{"line":18,"column":55}},"type":"binary-expr","locations":[{"start":{"line":18,"column":17},"end":{"line":18,"column":34}},{"start":{"line":18,"column":38},"end":{"line":18,"column":55}}]},"6":{"loc":{"start":{"line":24,"column":13},"end":{"line":65,"column":null}},"type":"if","locations":[{"start":{"line":24,"column":13},"end":{"line":65,"column":null}},{"start":{"line":30,"column":13},"end":{"line":65,"column":null}}]},"7":{"loc":{"start":{"line":24,"column":17},"end":{"line":24,"column":53}},"type":"binary-expr","locations":[{"start":{"line":24,"column":17},"end":{"line":24,"column":33}},{"start":{"line":24,"column":37},"end":{"line":24,"column":53}}]},"8":{"loc":{"start":{"line":30,"column":13},"end":{"line":65,"column":null}},"type":"if","locations":[{"start":{"line":30,"column":13},"end":{"line":65,"column":null}},{"start":{"line":37,"column":13},"end":{"line":65,"column":null}}]},"9":{"loc":{"start":{"line":30,"column":17},"end":{"line":30,"column":53}},"type":"binary-expr","locations":[{"start":{"line":30,"column":17},"end":{"line":30,"column":33}},{"start":{"line":30,"column":37},"end":{"line":30,"column":53}}]},"10":{"loc":{"start":{"line":37,"column":13},"end":{"line":65,"column":null}},"type":"if","locations":[{"start":{"line":37,"column":13},"end":{"line":65,"column":null}},{"start":{"line":43,"column":13},"end":{"line":65,"column":null}}]},"11":{"loc":{"start":{"line":37,"column":17},"end":{"line":37,"column":53}},"type":"binary-expr","locations":[{"start":{"line":37,"column":17},"end":{"line":37,"column":33}},{"start":{"line":37,"column":37},"end":{"line":37,"column":53}}]},"12":{"loc":{"start":{"line":43,"column":13},"end":{"line":65,"column":null}},"type":"if","locations":[{"start":{"line":43,"column":13},"end":{"line":65,"column":null}},{"start":{"line":50,"column":13},"end":{"line":65,"column":null}}]},"13":{"loc":{"start":{"line":43,"column":17},"end":{"line":43,"column":51}},"type":"binary-expr","locations":[{"start":{"line":43,"column":17},"end":{"line":43,"column":32}},{"start":{"line":43,"column":36},"end":{"line":43,"column":51}}]},"14":{"loc":{"start":{"line":50,"column":13},"end":{"line":65,"column":null}},"type":"if","locations":[{"start":{"line":50,"column":13},"end":{"line":65,"column":null}},{"start":{"line":57,"column":13},"end":{"line":65,"column":null}}]},"15":{"loc":{"start":{"line":50,"column":17},"end":{"line":50,"column":51}},"type":"binary-expr","locations":[{"start":{"line":50,"column":17},"end":{"line":50,"column":32}},{"start":{"line":50,"column":36},"end":{"line":50,"column":51}}]},"16":{"loc":{"start":{"line":57,"column":13},"end":{"line":65,"column":null}},"type":"if","locations":[{"start":{"line":57,"column":13},"end":{"line":65,"column":null}},{"start":{"line":63,"column":13},"end":{"line":65,"column":null}}]},"17":{"loc":{"start":{"line":57,"column":17},"end":{"line":57,"column":51}},"type":"binary-expr","locations":[{"start":{"line":57,"column":17},"end":{"line":57,"column":32}},{"start":{"line":57,"column":36},"end":{"line":57,"column":51}}]}},"s":{"0":3,"1":3,"2":3,"3":3,"4":3,"5":943,"6":2,"7":2,"8":2,"9":941,"10":3,"11":3,"12":3,"13":938,"14":5,"15":5,"16":5,"17":933,"18":12,"19":12,"20":12,"21":921,"22":20,"23":20,"24":20,"25":901,"26":50,"27":50,"28":50,"29":851,"30":100,"31":100,"32":100,"33":751,"34":250,"35":250,"36":250,"37":501,"38":500,"39":500,"40":500,"41":1,"42":2,"43":1},"f":{"0":3},"b":{"0":[2,941],"1":[943,892],"2":[3,938],"3":[941,918],"4":[5,933],"5":[938,926],"6":[12,921],"7":[933,926],"8":[20,901],"9":[921,918],"10":[50,851],"11":[901,899],"12":[100,751],"13":[851,851],"14":[250,501],"15":[751,751],"16":[500,1],"17":[501,501]}}
,"/Users/Profissional/Workspace/katas/ATM machine/src/kata.ts": {"path":"/Users/Profissional/Workspace/katas/ATM machine/src/kata.ts","statementMap":{"0":{"start":{"line":2,"column":0},"end":{"line":2,"column":46}},"1":{"start":{"line":3,"column":22},"end":{"line":3,"column":52}},"2":{"start":{"line":4,"column":22},"end":{"line":4,"column":28}},"3":{"start":{"line":5,"column":0},"end":{"line":5,"column":32}},"4":{"start":{"line":7,"column":13},"end":{"line":7,"column":22}},"5":{"start":{"line":9,"column":15},"end":{"line":9,"column":17}},"6":{"start":{"line":10,"column":36},"end":{"line":10,"column":62}},"7":{"start":{"line":11,"column":4},"end":{"line":13,"column":null}},"8":{"start":{"line":12,"column":8},"end":{"line":12,"column":null}},"9":{"start":{"line":14,"column":4},"end":{"line":23,"column":null}},"10":{"start":{"line":15,"column":32},"end":{"line":15,"column":82}},"11":{"start":{"line":15,"column":53},"end":{"line":15,"column":74}},"12":{"start":{"line":16,"column":8},"end":{"line":22,"column":null}},"13":{"start":{"line":17,"column":12},"end":{"line":17,"column":null}},"14":{"start":{"line":20,"column":13},"end":{"line":22,"column":null}},"15":{"start":{"line":21,"column":12},"end":{"line":21,"column":null}},"16":{"start":{"line":25,"column":4},"end":{"line":34,"column":null}},"17":{"start":{"line":26,"column":32},"end":{"line":26,"column":82}},"18":{"start":{"line":26,"column":53},"end":{"line":26,"column":74}},"19":{"start":{"line":27,"column":8},"end":{"line":33,"column":null}},"20":{"start":{"line":28,"column":12},"end":{"line":28,"column":null}},"21":{"start":{"line":31,"column":13},"end":{"line":33,"column":null}},"22":{"start":{"line":32,"column":12},"end":{"line":32,"column":null}},"23":{"start":{"line":36,"column":4},"end":{"line":36,"column":null}},"24":{"start":{"line":8,"column":0},"end":{"line":8,"column":16}}},"fnMap":{"0":{"name":"ATM","decl":{"start":{"line":8,"column":16},"end":{"line":8,"column":19}},"loc":{"start":{"line":8,"column":36},"end":{"line":37,"column":1}}},"1":{"name":"(anonymous_1)","decl":{"start":{"line":14,"column":26},"end":{"line":14,"column":38}},"loc":{"start":{"line":14,"column":41},"end":{"line":23,"column":5}}},"2":{"name":"(anonymous_2)","decl":{"start":{"line":15,"column":45},"end":{"line":15,"column":49}},"loc":{"start":{"line":15,"column":53},"end":{"line":15,"column":74}}},"3":{"name":"(anonymous_3)","decl":{"start":{"line":25,"column":26},"end":{"line":25,"column":38}},"loc":{"start":{"line":25,"column":41},"end":{"line":34,"column":5}}},"4":{"name":"(anonymous_4)","decl":{"start":{"line":26,"column":45},"end":{"line":26,"column":49}},"loc":{"start":{"line":26,"column":53},"end":{"line":26,"column":74}}}},"branchMap":{"0":{"loc":{"start":{"line":11,"column":4},"end":{"line":13,"column":null}},"type":"if","locations":[{"start":{"line":11,"column":4},"end":{"line":13,"column":null}}]},"1":{"loc":{"start":{"line":16,"column":8},"end":{"line":22,"column":null}},"type":"if","locations":[{"start":{"line":16,"column":8},"end":{"line":22,"column":null}},{"start":{"line":20,"column":13},"end":{"line":22,"column":null}}]},"2":{"loc":{"start":{"line":20,"column":13},"end":{"line":22,"column":null}},"type":"if","locations":[{"start":{"line":20,"column":13},"end":{"line":22,"column":null}}]},"3":{"loc":{"start":{"line":27,"column":8},"end":{"line":33,"column":null}},"type":"if","locations":[{"start":{"line":27,"column":8},"end":{"line":33,"column":null}},{"start":{"line":31,"column":13},"end":{"line":33,"column":null}}]},"4":{"loc":{"start":{"line":31,"column":13},"end":{"line":33,"column":null}},"type":"if","locations":[{"start":{"line":31,"column":13},"end":{"line":33,"column":null}}]}},"s":{"0":1,"1":1,"2":1,"3":1,"4":1,"5":3,"6":3,"7":3,"8":1,"9":2,"10":14,"11":616,"12":14,"13":6,"14":8,"15":4,"16":2,"17":4,"18":0,"19":4,"20":0,"21":4,"22":0,"23":2,"24":1},"f":{"0":3,"1":14,"2":616,"3":4,"4":0},"b":{"0":[1],"1":[6,8],"2":[4],"3":[0,4],"4":[0]}}
}
