TN:
SF:src/bank.ts
FN:1,(anonymous_0)
FNF:1
FNH:1
FNDA:1,(anonymous_0)
DA:1,1
DA:3,1
DA:4,1
DA:5,1
DA:6,1
DA:7,1
DA:8,1
DA:9,1
DA:10,1
DA:11,1
DA:12,1
DA:13,1
DA:14,1
DA:17,1
LF:14
LH:14
BRF:0
BRH:0
end_of_record
TN:
SF:src/billsCalculator.ts
FN:1,calcutator
FNF:1
FNH:1
FNDA:3,calcutator
DA:1,1
DA:2,3
DA:3,3
DA:4,3
DA:5,3
DA:6,3
DA:7,943
DA:8,2
DA:9,2
DA:10,2
DA:12,941
DA:13,3
DA:14,3
DA:15,3
DA:18,938
DA:19,5
DA:20,5
DA:21,5
DA:24,933
DA:25,12
DA:26,12
DA:27,12
DA:30,921
DA:31,20
DA:32,20
DA:33,20
DA:37,901
DA:38,50
DA:39,50
DA:40,50
DA:43,851
DA:44,100
DA:45,100
DA:46,100
DA:50,751
DA:51,250
DA:52,250
DA:53,250
DA:57,501
DA:58,500
DA:59,500
DA:60,500
DA:64,1
DA:69,2
LF:44
LH:44
BRDA:7,0,0,2
BRDA:7,0,1,941
BRDA:7,1,0,943
BRDA:7,1,1,892
BRDA:12,2,0,3
BRDA:12,2,1,938
BRDA:12,3,0,941
BRDA:12,3,1,918
BRDA:18,4,0,5
BRDA:18,4,1,933
BRDA:18,5,0,938
BRDA:18,5,1,926
BRDA:24,6,0,12
BRDA:24,6,1,921
BRDA:24,7,0,933
BRDA:24,7,1,926
BRDA:30,8,0,20
BRDA:30,8,1,901
BRDA:30,9,0,921
BRDA:30,9,1,918
BRDA:37,10,0,50
BRDA:37,10,1,851
BRDA:37,11,0,901
BRDA:37,11,1,899
BRDA:43,12,0,100
BRDA:43,12,1,751
BRDA:43,13,0,851
BRDA:43,13,1,851
BRDA:50,14,0,250
BRDA:50,14,1,501
BRDA:50,15,0,751
BRDA:50,15,1,751
BRDA:57,16,0,500
BRDA:57,16,1,1
BRDA:57,17,0,501
BRDA:57,17,1,501
BRF:36
BRH:36
end_of_record
TN:
SF:src/kata.ts
FN:8,ATM
FN:14,(anonymous_1)
FN:15,(anonymous_2)
FN:25,(anonymous_3)
FN:26,(anonymous_4)
FNF:5
FNH:4
FNDA:3,ATM
FNDA:14,(anonymous_1)
FNDA:616,(anonymous_2)
FNDA:4,(anonymous_3)
FNDA:0,(anonymous_4)
DA:2,1
DA:3,1
DA:4,1
DA:5,1
DA:7,1
DA:8,1
DA:9,3
DA:10,3
DA:11,3
DA:12,1
DA:14,2
DA:15,616
DA:16,14
DA:17,6
DA:20,8
DA:21,4
DA:25,2
DA:26,4
DA:27,4
DA:28,0
DA:31,4
DA:32,0
DA:36,2
LF:23
LH:21
BRDA:11,0,0,1
BRDA:16,1,0,6
BRDA:16,1,1,8
BRDA:20,2,0,4
BRDA:27,3,0,0
BRDA:27,3,1,4
BRDA:31,4,0,0
BRF:7
BRH:5
end_of_record
